<?xml version="1.0" encoding="UTF-8"?>
<!-- Generated by org.testng.reporters.JUnitReportReporter -->
<testsuite hostname="VIJAY" failures="0" tests="1" name="project.StarHealth002" time="1.296" errors="0" timestamp="2023-10-24T15:35:57 IST" skipped="0">
  <testcase classname="project.StarHealth002" name="print_link" time="1.296"/>
  <system-out/>
</testsuite> <!-- project.StarHealth002 -->
