<?xml version="1.0" encoding="UTF-8"?>
<!-- Generated by org.testng.reporters.JUnitReportReporter -->
<testsuite hostname="VIJAY" failures="0" tests="3" name="project.StarHealthPage" time="33.192" errors="0" timestamp="2023-10-24T15:35:57 IST" skipped="0">
  <testcase classname="project.StarHealthPage" name="Validate_title" time="0.123"/>
  <system-out/>
  <testcase classname="project.StarHealthPage" name="Test_Header_plan" time="28.720"/>
  <system-out/>
  <testcase classname="project.StarHealthPage" name="Clickontwitter" time="4.349"/>
  <system-out/>
</testsuite> <!-- project.StarHealthPage -->
